<?xml version="1.0" encoding="UTF-8"?>
<!-- Generated by org.testng.reporters.JUnitXMLReporter -->
<testsuite hostname="HERAIN" ignored="0" name="Command line test" tests="3" failures="1" timestamp="2022-12-01T09:23:01 IST" time="80.862" errors="0">
  <testcase name="runScenario" time="13.391" classname="io.cucumber.testng.AbstractTestNGCucumberTests">
    <failure type="java.lang.AssertionError" message="Element not present">
      <![CDATA[java.lang.AssertionError: Element not present
at pojo.LumaShopping.SearchGridPage.selectProduct(SearchGridPage.java:39)
at stepDefinitions.SearchGridPageStepDefinition.click_on_product_and_navigate_to_product_detail_page(SearchGridPageStepDefinition.java:24)
at ✽.Click on product "Adrienne Trek Jackets" and navigate to Product detail page(file:///C:/Users/AVITA/Desktop/Automation/lumaAutomationSuite/src/test/java/features/searchProduct.feature:18)
... Removed 1 stack frames]]>
    </failure>
  </testcase> <!-- runScenario -->
  <testcase name="runScenario" time="13.991" classname="io.cucumber.testng.AbstractTestNGCucumberTests"/>
  <testcase name="runScenario" time="79.593" classname="io.cucumber.testng.AbstractTestNGCucumberTests"/>
</testsuite> <!-- Command line test -->
