<?xml version="1.0" encoding="UTF-8" ?>
<testsuite tests="2" failures="1" name="Options.TestRunner" time="23.756" errors="0" skipped="0">
  <properties>
[...]
</properties>
  <testcase classname="Options.TestRunner" name="runScenario" time="11.443">
    <failure message="Element not present" type="java.lang.AssertionError">java.lang.AssertionError: Element not present
	at org.testng.Assert.fail(Assert.java:110)
	at pojo.LumaShopping.SearchGridPage.selectProduct(SearchGridPage.java:39)
	at stepDefinitions.SearchGridPageStepDefinition.click_on_product_and_navigate_to_product_detail_page(SearchGridPageStepDefinition.java:24)
	at ✽.Click on product &quot;Adrienne Trek Jackets&quot; and navigate to Product detail page(file:///C:/Users/AVITA/Desktop/Automation/lumaAutomationSuite/src/test/java/features/searchProduct.feature:18)
</failure>
    <system-out>Configuring TestNG with: org.apache.maven.surefire.testng.conf.TestNG652Configurator@5d624da6

@Sanity
Scenario Outline: User able to purchase product online                              # src/test/java/features/searchProduct.feature:24

@Sanity
Scenario Outline: User able to purchase product online                             # src/test/java/features/searchProduct.feature:12
08:57:15.584 [TestNG-PoolService-0] INFO  pojo.LumaShopping.MyAccountPage - User is going to enter Item in Search box and Hit Enter
08:57:15.654 [TestNG-PoolService-1] INFO  pojo.LumaShopping.MyAccountPage - User is going to enter Item in Search box and Hit Enter
  Then Search product &quot;jacket&quot; via Search bar                                      # stepDefinitions.MyAccountPageStepDefinition.search_product_via_search_bar(java.lang.String)
08:57:17.079 [TestNG-PoolService-0] INFO  pojo.LumaShopping.SearchGridPage - Selecting Adrienne Trek Jacket from product link 
  Then Search product &quot;jacket&quot; via Search bar                                       # stepDefinitions.MyAccountPageStepDefinition.search_product_via_search_bar(java.lang.String)
08:57:17.445 [TestNG-PoolService-1] INFO  pojo.LumaShopping.SearchGridPage - Selecting Adrienne Trek Jackets from product link 
  Then Click on product &quot;Adrienne Trek Jackets&quot; and navigate to Product detail page # stepDefinitions.SearchGridPageStepDefinition.click_on_product_and_navigate_to_product_detail_page(java.lang.String)
      java.lang.AssertionError: Element not present
	at org.testng.Assert.fail(Assert.java:110)
	at pojo.LumaShopping.SearchGridPage.selectProduct(SearchGridPage.java:39)
	at stepDefinitions.SearchGridPageStepDefinition.click_on_product_and_navigate_to_product_detail_page(SearchGridPageStepDefinition.java:24)
	at âœ½.Click on product &quot;Adrienne Trek Jackets&quot; and navigate to Product detail page(file:///C:/Users/AVITA/Desktop/Automation/lumaAutomationSuite/src/test/java/features/searchProduct.feature:18)


    Embedding User able to purchase product online_0.2818900624105316 [image/png 94629 bytes]

  When Select Size &quot;M&quot; and Color &quot;Orange&quot; and go to cart page                       # stepDefinitions.ProductDetailPageStepDefinition.select_size_and_color_and_go_to_cart_page(java.lang.String,java.lang.String)
  Then Click on product &quot;Adrienne Trek Jacket&quot; and navigate to Product detail page # stepDefinitions.SearchGridPageStepDefinition.click_on_product_and_navigate_to_product_detail_page(java.lang.String)
08:57:18.821 [TestNG-PoolService-0] INFO  pojo.LumaShopping.ProductDetailPage - Selecting L and Orange from product link 
</system-out>
    <system-err>SLF4J: No SLF4J providers were found.
SLF4J: Defaulting to no-operation (NOP) logger implementation
SLF4J: See https://www.slf4j.org/codes.html#noProviders for further details.
Starting ChromStaeDrting ChromeDririver 107.0.5304.62 (1eec40d3a5764881c92085aaee66d25075c159aa-refs/branch-heads/5304@{#942}) on port 2938
Only lver 107.0.5304.62 (1eeocal connecc40d3a5764881tc92085aaeei66d25075c159aa-ons rare allowedefs/branch-h.
Pleeads/a5304@{#942}) on port 6630
Only local connections saer seee  https://chromedriver.chromium.org/security-conasiderlaltowiedo.
Please see htns fortp s:/s/chromedruiver.chromium.org/security-consideratgions for suggesgtiones on keeping ChromeDrivsetionr ssafe.
 on keeping ChromeDriver safe.
ChromeDriver was started successfully.
ChromeDriver was started successfully.
</system-err>
  </testcase>
  <testcase classname="Options.TestRunner" name="runScenario" time="12.313"/>
</testsuite>