<?xml version="1.0" encoding="UTF-8"?>
<testng-results skipped="0" failed="1" total="2" passed="1">
  <reporter-output>
  </reporter-output>
  <suite name="Options.TestRunner" duration-ms="18388" started-at="2022-12-01T08:15:16Z" finished-at="2022-12-01T08:15:35Z">
    <groups>
      <group name="cucumber">
        <method signature="io.cucumber.testng.AbstractTestNGCucumberTests.runScenario(io.cucumber.testng.PickleWrapper, io.cucumber.testng.FeatureWrapper)" name="runScenario" class="io.cucumber.testng.AbstractTestNGCucumberTests"/>
      </group>
    </groups>
    <test name="Command line test" duration-ms="18388" started-at="2022-12-01T08:15:16Z" finished-at="2022-12-01T08:15:35Z">
      <class name="Options.TestRunner">
        <test-method status="PASS" signature="setUpClass(org.testng.ITestContext)" name="setUpClass" is-config="true" duration-ms="1224" started-at="2022-12-01T08:15:16Z" finished-at="2022-12-01T08:15:18Z">
          <params>
            <param index="0">
              <value>
                <![CDATA[org.testng.TestRunner@792bbc74]]>
              </value>
            </param>
          </params>
        </test-method>
        <test-method status="PASS" signature="runScenario(io.cucumber.testng.PickleWrapper, io.cucumber.testng.FeatureWrapper)" name="runScenario" duration-ms="15274" started-at="2022-12-01T08:15:18Z" description="Runs Cucumber Scenarios" finished-at="2022-12-01T08:15:33Z">
          <params>
            <param index="0">
              <value>
                <![CDATA["User able to purchase product online"]]>
              </value>
            </param>
            <param index="1">
              <value>
                <![CDATA["Search Product Online"]]>
              </value>
            </param>
          </params>
        </test-method>
        <test-method status="FAIL" signature="runScenario(io.cucumber.testng.PickleWrapper, io.cucumber.testng.FeatureWrapper)" name="runScenario" duration-ms="11589" started-at="2022-12-01T08:15:18Z" description="Runs Cucumber Scenarios" finished-at="2022-12-01T08:15:29Z">
          <params>
            <param index="0">
              <value>
                <![CDATA["User able to purchase product online"]]>
              </value>
            </param>
            <param index="1">
              <value>
                <![CDATA["Search Product Online"]]>
              </value>
            </param>
          </params>
          <exception class="java.lang.AssertionError">
            <message>
              <![CDATA[Element not present]]>
            </message>
            <full-stacktrace>
              <![CDATA[java.lang.AssertionError: Element not present
	at org.testng.Assert.fail(Assert.java:89)
	at pojo.LumaShopping.SearchGridPage.selectProduct(SearchGridPage.java:39)
	at stepDefinitions.SearchGridPageStepDefinition.click_on_product_and_navigate_to_product_detail_page(SearchGridPageStepDefinition.java:24)
	at ✽.Click on product "Adrienne Trek Jackets" and navigate to Product detail page(file:///C:/Users/AVITA/Desktop/Automation/lumaAutomationSuite/src/test/java/features/searchProduct.feature:18)
]]>
            </full-stacktrace>
          </exception>
        </test-method>
        <test-method status="PASS" signature="tearDownClass()" name="tearDownClass" is-config="true" duration-ms="1013" started-at="2022-12-01T08:15:34Z" finished-at="2022-12-01T08:15:35Z">
        </test-method>
      </class>
    </test>
  </suite>
</testng-results>
